<?xml version="1.0" encoding="UTF-8"?>
<coverage generated="1716474747612" clover="3.2.0">
  <project timestamp="1716474747612" name="All files">
    <metrics statements="58" coveredstatements="38" conditionals="44" coveredconditionals="29" methods="10" coveredmethods="5" elements="112" coveredelements="72" complexity="0" loc="58" ncloc="58" packages="1" files="4" classes="4"/>
    <file name="config.js" path="/home/jake/Projects/svg-template/source/config.js">
      <metrics statements="10" coveredstatements="10" conditionals="28" coveredconditionals="24" methods="1" coveredmethods="1"/>
      <line num="22" count="11" type="stmt"/>
      <line num="23" count="11" type="cond" truecount="2" falsecount="0"/>
      <line num="24" count="11" type="cond" truecount="2" falsecount="0"/>
      <line num="25" count="11" type="cond" truecount="2" falsecount="0"/>
      <line num="26" count="11" type="cond" truecount="2" falsecount="0"/>
      <line num="27" count="11" type="cond" truecount="2" falsecount="0"/>
      <line num="28" count="11" type="cond" truecount="1" falsecount="1"/>
      <line num="29" count="11" type="cond" truecount="1" falsecount="1"/>
      <line num="30" count="11" type="cond" truecount="1" falsecount="1"/>
      <line num="31" count="11" type="cond" truecount="1" falsecount="1"/>
    </file>
    <file name="constants.js" path="/home/jake/Projects/svg-template/source/constants.js">
      <metrics statements="1" coveredstatements="1" conditionals="0" coveredconditionals="0" methods="0" coveredmethods="0"/>
      <line num="1" count="4" type="stmt"/>
    </file>
    <file name="renderer.js" path="/home/jake/Projects/svg-template/source/renderer.js">
      <metrics statements="28" coveredstatements="17" conditionals="8" coveredconditionals="2" methods="4" coveredmethods="2"/>
      <line num="9" count="5" type="stmt"/>
      <line num="10" count="5" type="stmt"/>
      <line num="11" count="5" type="stmt"/>
      <line num="12" count="5" type="stmt"/>
      <line num="13" count="5" type="stmt"/>
      <line num="14" count="5" type="stmt"/>
      <line num="15" count="5" type="stmt"/>
      <line num="16" count="5" type="stmt"/>
      <line num="36" count="1" type="stmt"/>
      <line num="37" count="1" type="stmt"/>
      <line num="38" count="1" type="stmt"/>
      <line num="39" count="1" type="stmt"/>
      <line num="40" count="1" type="stmt"/>
      <line num="41" count="1" type="stmt"/>
      <line num="42" count="1" type="stmt"/>
      <line num="43" count="1" type="stmt"/>
      <line num="44" count="1" type="stmt"/>
      <line num="59" count="0" type="stmt"/>
      <line num="68" count="0" type="stmt"/>
      <line num="69" count="0" type="stmt"/>
      <line num="70" count="0" type="stmt"/>
      <line num="72" count="0" type="stmt"/>
      <line num="73" count="0" type="stmt"/>
      <line num="74" count="0" type="cond" truecount="0" falsecount="2"/>
      <line num="75" count="0" type="stmt"/>
      <line num="76" count="0" type="stmt"/>
      <line num="78" count="0" type="stmt"/>
      <line num="79" count="0" type="stmt"/>
    </file>
    <file name="sketch.js" path="/home/jake/Projects/svg-template/source/sketch.js">
      <metrics statements="19" coveredstatements="10" conditionals="8" coveredconditionals="3" methods="5" coveredmethods="2"/>
      <line num="19" count="4" type="cond" truecount="1" falsecount="1"/>
      <line num="20" count="4" type="stmt"/>
      <line num="23" count="4" type="stmt"/>
      <line num="24" count="4" type="stmt"/>
      <line num="25" count="4" type="stmt"/>
      <line num="26" count="4" type="stmt"/>
      <line num="35" count="0" type="stmt"/>
      <line num="36" count="0" type="stmt"/>
      <line num="37" count="0" type="stmt"/>
      <line num="44" count="1" type="stmt"/>
      <line num="45" count="1" type="stmt"/>
      <line num="46" count="1" type="stmt"/>
      <line num="47" count="1" type="stmt"/>
      <line num="55" count="0" type="cond" truecount="0" falsecount="2"/>
      <line num="56" count="0" type="stmt"/>
      <line num="57" count="0" type="stmt"/>
      <line num="76" count="0" type="cond" truecount="0" falsecount="2"/>
      <line num="77" count="0" type="stmt"/>
      <line num="78" count="0" type="stmt"/>
    </file>
  </project>
</coverage>
