{"/home/jake/Projects/svg-template/source/renderer.js": {"path":"/home/jake/Projects/svg-template/source/renderer.js","statementMap":{"0":{"start":{"line":1,"column":22},"end":{"line":1,"column":50}},"1":{"start":{"line":14,"column":16},"end":{"line":14,"column":62}},"2":{"start":{"line":15,"column":4},"end":{"line":15,"column":41}},"3":{"start":{"line":16,"column":4},"end":{"line":16,"column":44}},"4":{"start":{"line":17,"column":4},"end":{"line":17,"column":46}},"5":{"start":{"line":18,"column":4},"end":{"line":18,"column":63}},"6":{"start":{"line":19,"column":4},"end":{"line":19,"column":65}},"7":{"start":{"line":20,"column":4},"end":{"line":20,"column":35}},"8":{"start":{"line":21,"column":4},"end":{"line":21,"column":15}},"9":{"start":{"line":39,"column":17},"end":{"line":39,"column":64}},"10":{"start":{"line":40,"column":4},"end":{"line":40,"column":40}},"11":{"start":{"line":41,"column":4},"end":{"line":41,"column":40}},"12":{"start":{"line":42,"column":4},"end":{"line":42,"column":40}},"13":{"start":{"line":43,"column":4},"end":{"line":43,"column":40}},"14":{"start":{"line":44,"column":4},"end":{"line":44,"column":48}},"15":{"start":{"line":45,"column":4},"end":{"line":45,"column":56}},"16":{"start":{"line":46,"column":4},"end":{"line":46,"column":59}},"17":{"start":{"line":47,"column":4},"end":{"line":47,"column":26}},"18":{"start":{"line":62,"column":4},"end":{"line":62,"column":64}},"19":{"start":{"line":71,"column":18},"end":{"line":71,"column":67}},"20":{"start":{"line":72,"column":15},"end":{"line":72,"column":61}},"21":{"start":{"line":73,"column":14},"end":{"line":73,"column":39}},"22":{"start":{"line":75,"column":12},"end":{"line":75,"column":39}},"23":{"start":{"line":76,"column":4},"end":{"line":76,"column":17}},"24":{"start":{"line":77,"column":4},"end":{"line":77,"column":42}},"25":{"start":{"line":78,"column":4},"end":{"line":78,"column":33}},"26":{"start":{"line":79,"column":4},"end":{"line":79,"column":14}},"27":{"start":{"line":81,"column":4},"end":{"line":81,"column":33}},"28":{"start":{"line":82,"column":4},"end":{"line":82,"column":29}}},"fnMap":{"0":{"name":"createSVG","decl":{"start":{"line":8,"column":16},"end":{"line":8,"column":25}},"loc":{"start":{"line":13,"column":3},"end":{"line":22,"column":1}},"line":13},"1":{"name":"drawLine","decl":{"start":{"line":35,"column":16},"end":{"line":35,"column":24}},"loc":{"start":{"line":38,"column":24},"end":{"line":48,"column":1}},"line":38},"2":{"name":"drawPoint","decl":{"start":{"line":59,"column":16},"end":{"line":59,"column":25}},"loc":{"start":{"line":61,"column":23},"end":{"line":63,"column":1}},"line":61},"3":{"name":"downloadSVG","decl":{"start":{"line":70,"column":16},"end":{"line":70,"column":27}},"loc":{"start":{"line":70,"column":50},"end":{"line":83,"column":1}},"line":70}},"branchMap":{"0":{"loc":{"start":{"line":9,"column":4},"end":{"line":9,"column":15}},"type":"default-arg","locations":[{"start":{"line":9,"column":12},"end":{"line":9,"column":15}}],"line":9},"1":{"loc":{"start":{"line":10,"column":4},"end":{"line":10,"column":16}},"type":"default-arg","locations":[{"start":{"line":10,"column":13},"end":{"line":10,"column":16}}],"line":10},"2":{"loc":{"start":{"line":11,"column":4},"end":{"line":11,"column":18}},"type":"default-arg","locations":[{"start":{"line":11,"column":9},"end":{"line":11,"column":18}}],"line":11},"3":{"loc":{"start":{"line":12,"column":4},"end":{"line":12,"column":19}},"type":"default-arg","locations":[{"start":{"line":12,"column":12},"end":{"line":12,"column":19}}],"line":12},"4":{"loc":{"start":{"line":36,"column":4},"end":{"line":36,"column":20}},"type":"default-arg","locations":[{"start":{"line":36,"column":13},"end":{"line":36,"column":20}}],"line":36},"5":{"loc":{"start":{"line":37,"column":4},"end":{"line":37,"column":19}},"type":"default-arg","locations":[{"start":{"line":37,"column":18},"end":{"line":37,"column":19}}],"line":37},"6":{"loc":{"start":{"line":38,"column":4},"end":{"line":38,"column":22}},"type":"default-arg","locations":[{"start":{"line":38,"column":14},"end":{"line":38,"column":22}}],"line":38},"7":{"loc":{"start":{"line":59,"column":39},"end":{"line":59,"column":55}},"type":"default-arg","locations":[{"start":{"line":59,"column":48},"end":{"line":59,"column":55}}],"line":59},"8":{"loc":{"start":{"line":60,"column":4},"end":{"line":60,"column":19}},"type":"default-arg","locations":[{"start":{"line":60,"column":18},"end":{"line":60,"column":19}}],"line":60},"9":{"loc":{"start":{"line":61,"column":4},"end":{"line":61,"column":21}},"type":"default-arg","locations":[{"start":{"line":61,"column":14},"end":{"line":61,"column":21}}],"line":61},"10":{"loc":{"start":{"line":77,"column":17},"end":{"line":77,"column":41}},"type":"binary-expr","locations":[{"start":{"line":77,"column":17},"end":{"line":77,"column":25}},{"start":{"line":77,"column":29},"end":{"line":77,"column":41}}],"line":77}},"s":{"0":1,"1":1,"2":1,"3":1,"4":1,"5":1,"6":1,"7":1,"8":1,"9":0,"10":0,"11":0,"12":0,"13":0,"14":0,"15":0,"16":0,"17":0,"18":0,"19":0,"20":0,"21":0,"22":0,"23":0,"24":0,"25":0,"26":0,"27":0,"28":0},"f":{"0":1,"1":0,"2":0,"3":0},"b":{"0":[0],"1":[0],"2":[1],"3":[1],"4":[0],"5":[0],"6":[0],"7":[0],"8":[0],"9":[0],"10":[0,0]},"_coverageSchema":"1a1c01bbd47fc00a2c39e90264f33305004495a9","hash":"8fa8dcbc5c3cde09b0b0d9de9778c8dfa7427cf6"}
}
