{"/home/jake/Projects/svg-template/source/config.js": {"path":"/home/jake/Projects/svg-template/source/config.js","statementMap":{"0":{"start":{"line":22,"column":8},"end":{"line":22,"column":32}},"1":{"start":{"line":23,"column":8},"end":{"line":23,"column":68}},"2":{"start":{"line":24,"column":8},"end":{"line":24,"column":61}},"3":{"start":{"line":25,"column":8},"end":{"line":25,"column":64}},"4":{"start":{"line":26,"column":8},"end":{"line":26,"column":98}},"5":{"start":{"line":27,"column":8},"end":{"line":27,"column":98}},"6":{"start":{"line":28,"column":8},"end":{"line":28,"column":56}},"7":{"start":{"line":29,"column":8},"end":{"line":29,"column":78}},"8":{"start":{"line":30,"column":8},"end":{"line":30,"column":76}},"9":{"start":{"line":31,"column":8},"end":{"line":31,"column":77}}},"fnMap":{"0":{"name":"(anonymous_0)","decl":{"start":{"line":11,"column":4},"end":{"line":11,"column":5}},"loc":{"start":{"line":21,"column":12},"end":{"line":32,"column":5}},"line":21}},"branchMap":{"0":{"loc":{"start":{"line":11,"column":16},"end":{"line":21,"column":10}},"type":"default-arg","locations":[{"start":{"line":21,"column":8},"end":{"line":21,"column":10}}],"line":11},"1":{"loc":{"start":{"line":12,"column":8},"end":{"line":12,"column":26}},"type":"default-arg","locations":[{"start":{"line":12,"column":16},"end":{"line":12,"column":26}}],"line":12},"2":{"loc":{"start":{"line":13,"column":8},"end":{"line":13,"column":19}},"type":"default-arg","locations":[{"start":{"line":13,"column":16},"end":{"line":13,"column":19}}],"line":13},"3":{"loc":{"start":{"line":14,"column":8},"end":{"line":14,"column":20}},"type":"default-arg","locations":[{"start":{"line":14,"column":17},"end":{"line":14,"column":20}}],"line":14},"4":{"loc":{"start":{"line":15,"column":8},"end":{"line":15,"column":34}},"type":"default-arg","locations":[{"start":{"line":15,"column":27},"end":{"line":15,"column":34}}],"line":15},"5":{"loc":{"start":{"line":16,"column":8},"end":{"line":16,"column":34}},"type":"default-arg","locations":[{"start":{"line":16,"column":27},"end":{"line":16,"column":34}}],"line":16},"6":{"loc":{"start":{"line":17,"column":8},"end":{"line":17,"column":16}},"type":"default-arg","locations":[{"start":{"line":17,"column":15},"end":{"line":17,"column":16}}],"line":17},"7":{"loc":{"start":{"line":18,"column":8},"end":{"line":18,"column":25}},"type":"default-arg","locations":[{"start":{"line":18,"column":21},"end":{"line":18,"column":25}}],"line":18},"8":{"loc":{"start":{"line":19,"column":8},"end":{"line":19,"column":24}},"type":"default-arg","locations":[{"start":{"line":19,"column":20},"end":{"line":19,"column":24}}],"line":19},"9":{"loc":{"start":{"line":20,"column":8},"end":{"line":20,"column":23}},"type":"default-arg","locations":[{"start":{"line":20,"column":22},"end":{"line":20,"column":23}}],"line":20},"10":{"loc":{"start":{"line":23,"column":21},"end":{"line":23,"column":67}},"type":"cond-expr","locations":[{"start":{"line":23,"column":49},"end":{"line":23,"column":54}},{"start":{"line":23,"column":57},"end":{"line":23,"column":67}}],"line":23},"11":{"loc":{"start":{"line":24,"column":21},"end":{"line":24,"column":60}},"type":"cond-expr","locations":[{"start":{"line":24,"column":49},"end":{"line":24,"column":54}},{"start":{"line":24,"column":57},"end":{"line":24,"column":60}}],"line":24},"12":{"loc":{"start":{"line":25,"column":22},"end":{"line":25,"column":63}},"type":"cond-expr","locations":[{"start":{"line":25,"column":51},"end":{"line":25,"column":57}},{"start":{"line":25,"column":60},"end":{"line":25,"column":63}}],"line":25},"13":{"loc":{"start":{"line":26,"column":32},"end":{"line":26,"column":97}},"type":"cond-expr","locations":[{"start":{"line":26,"column":71},"end":{"line":26,"column":87}},{"start":{"line":26,"column":90},"end":{"line":26,"column":97}}],"line":26},"14":{"loc":{"start":{"line":27,"column":32},"end":{"line":27,"column":97}},"type":"cond-expr","locations":[{"start":{"line":27,"column":71},"end":{"line":27,"column":87}},{"start":{"line":27,"column":90},"end":{"line":27,"column":97}}],"line":27},"15":{"loc":{"start":{"line":28,"column":20},"end":{"line":28,"column":55}},"type":"cond-expr","locations":[{"start":{"line":28,"column":47},"end":{"line":28,"column":51}},{"start":{"line":28,"column":54},"end":{"line":28,"column":55}}],"line":28},"16":{"loc":{"start":{"line":29,"column":26},"end":{"line":29,"column":77}},"type":"cond-expr","locations":[{"start":{"line":29,"column":60},"end":{"line":29,"column":70}},{"start":{"line":29,"column":73},"end":{"line":29,"column":77}}],"line":29},"17":{"loc":{"start":{"line":30,"column":25},"end":{"line":30,"column":75}},"type":"cond-expr","locations":[{"start":{"line":30,"column":59},"end":{"line":30,"column":68}},{"start":{"line":30,"column":71},"end":{"line":30,"column":75}}],"line":30},"18":{"loc":{"start":{"line":31,"column":27},"end":{"line":31,"column":76}},"type":"cond-expr","locations":[{"start":{"line":31,"column":61},"end":{"line":31,"column":72}},{"start":{"line":31,"column":75},"end":{"line":31,"column":76}}],"line":31}},"s":{"0":11,"1":11,"2":11,"3":11,"4":11,"5":11,"6":11,"7":11,"8":11,"9":11},"f":{"0":11},"b":{"0":[5],"1":[9],"2":[9],"3":[9],"4":[10],"5":[10],"6":[11],"7":[11],"8":[11],"9":[11],"10":[10,1],"11":[10,1],"12":[10,1],"13":[10,1],"14":[10,1],"15":[11,0],"16":[11,0],"17":[11,0],"18":[11,0]},"_coverageSchema":"1a1c01bbd47fc00a2c39e90264f33305004495a9","hash":"fa47232b6f42c12a54c9fce16cb0be1fa108a8ac"}
,"/home/jake/Projects/svg-template/source/constants.js": {"path":"/home/jake/Projects/svg-template/source/constants.js","statementMap":{"0":{"start":{"line":1,"column":29},"end":{"line":1,"column":57}}},"fnMap":{},"branchMap":{},"s":{"0":4},"f":{},"b":{},"_coverageSchema":"1a1c01bbd47fc00a2c39e90264f33305004495a9","hash":"54a83357c720570ce3b920b356ef57c48083fde2"}
,"/home/jake/Projects/svg-template/source/renderer.js": {"path":"/home/jake/Projects/svg-template/source/renderer.js","statementMap":{"0":{"start":{"line":9,"column":16},"end":{"line":9,"column":58}},"1":{"start":{"line":10,"column":4},"end":{"line":10,"column":53}},"2":{"start":{"line":11,"column":4},"end":{"line":11,"column":56}},"3":{"start":{"line":12,"column":4},"end":{"line":12,"column":58}},"4":{"start":{"line":13,"column":4},"end":{"line":13,"column":84}},"5":{"start":{"line":14,"column":4},"end":{"line":14,"column":79}},"6":{"start":{"line":15,"column":4},"end":{"line":15,"column":35}},"7":{"start":{"line":16,"column":4},"end":{"line":16,"column":15}},"8":{"start":{"line":36,"column":17},"end":{"line":36,"column":64}},"9":{"start":{"line":37,"column":4},"end":{"line":37,"column":40}},"10":{"start":{"line":38,"column":4},"end":{"line":38,"column":40}},"11":{"start":{"line":39,"column":4},"end":{"line":39,"column":40}},"12":{"start":{"line":40,"column":4},"end":{"line":40,"column":40}},"13":{"start":{"line":41,"column":4},"end":{"line":41,"column":48}},"14":{"start":{"line":42,"column":4},"end":{"line":42,"column":56}},"15":{"start":{"line":43,"column":4},"end":{"line":43,"column":59}},"16":{"start":{"line":44,"column":4},"end":{"line":44,"column":26}},"17":{"start":{"line":59,"column":4},"end":{"line":59,"column":64}},"18":{"start":{"line":68,"column":18},"end":{"line":68,"column":67}},"19":{"start":{"line":69,"column":15},"end":{"line":69,"column":61}},"20":{"start":{"line":70,"column":14},"end":{"line":70,"column":39}},"21":{"start":{"line":72,"column":12},"end":{"line":72,"column":39}},"22":{"start":{"line":73,"column":4},"end":{"line":73,"column":17}},"23":{"start":{"line":74,"column":4},"end":{"line":74,"column":42}},"24":{"start":{"line":75,"column":4},"end":{"line":75,"column":33}},"25":{"start":{"line":76,"column":4},"end":{"line":76,"column":14}},"26":{"start":{"line":78,"column":4},"end":{"line":78,"column":33}},"27":{"start":{"line":79,"column":4},"end":{"line":79,"column":29}}},"fnMap":{"0":{"name":"createSVG","decl":{"start":{"line":8,"column":16},"end":{"line":8,"column":25}},"loc":{"start":{"line":8,"column":34},"end":{"line":17,"column":1}},"line":8},"1":{"name":"drawLine","decl":{"start":{"line":30,"column":16},"end":{"line":30,"column":24}},"loc":{"start":{"line":35,"column":7},"end":{"line":45,"column":1}},"line":35},"2":{"name":"drawPoint","decl":{"start":{"line":56,"column":16},"end":{"line":56,"column":25}},"loc":{"start":{"line":58,"column":23},"end":{"line":60,"column":1}},"line":58},"3":{"name":"downloadSVG","decl":{"start":{"line":67,"column":16},"end":{"line":67,"column":27}},"loc":{"start":{"line":67,"column":50},"end":{"line":80,"column":1}},"line":67}},"branchMap":{"0":{"loc":{"start":{"line":32,"column":8},"end":{"line":32,"column":24}},"type":"default-arg","locations":[{"start":{"line":32,"column":17},"end":{"line":32,"column":24}}],"line":32},"1":{"loc":{"start":{"line":33,"column":8},"end":{"line":33,"column":23}},"type":"default-arg","locations":[{"start":{"line":33,"column":22},"end":{"line":33,"column":23}}],"line":33},"2":{"loc":{"start":{"line":34,"column":8},"end":{"line":34,"column":26}},"type":"default-arg","locations":[{"start":{"line":34,"column":18},"end":{"line":34,"column":26}}],"line":34},"3":{"loc":{"start":{"line":56,"column":39},"end":{"line":56,"column":55}},"type":"default-arg","locations":[{"start":{"line":56,"column":48},"end":{"line":56,"column":55}}],"line":56},"4":{"loc":{"start":{"line":57,"column":4},"end":{"line":57,"column":19}},"type":"default-arg","locations":[{"start":{"line":57,"column":18},"end":{"line":57,"column":19}}],"line":57},"5":{"loc":{"start":{"line":58,"column":4},"end":{"line":58,"column":21}},"type":"default-arg","locations":[{"start":{"line":58,"column":14},"end":{"line":58,"column":21}}],"line":58},"6":{"loc":{"start":{"line":74,"column":17},"end":{"line":74,"column":41}},"type":"binary-expr","locations":[{"start":{"line":74,"column":17},"end":{"line":74,"column":25}},{"start":{"line":74,"column":29},"end":{"line":74,"column":41}}],"line":74}},"s":{"0":5,"1":5,"2":5,"3":5,"4":5,"5":5,"6":5,"7":5,"8":1,"9":1,"10":1,"11":1,"12":1,"13":1,"14":1,"15":1,"16":1,"17":0,"18":0,"19":0,"20":0,"21":0,"22":0,"23":0,"24":0,"25":0,"26":0,"27":0},"f":{"0":5,"1":1,"2":0,"3":0},"b":{"0":[0],"1":[1],"2":[1],"3":[0],"4":[0],"5":[0],"6":[0,0]},"_coverageSchema":"1a1c01bbd47fc00a2c39e90264f33305004495a9","hash":"5e01f3f76929b512d82f02277bd7fa6aff30f26e"}
,"/home/jake/Projects/svg-template/source/sketch.js": {"path":"/home/jake/Projects/svg-template/source/sketch.js","statementMap":{"0":{"start":{"line":19,"column":8},"end":{"line":21,"column":9}},"1":{"start":{"line":20,"column":12},"end":{"line":20,"column":34}},"2":{"start":{"line":23,"column":8},"end":{"line":23,"column":29}},"3":{"start":{"line":24,"column":8},"end":{"line":24,"column":29}},"4":{"start":{"line":25,"column":8},"end":{"line":25,"column":27}},"5":{"start":{"line":26,"column":8},"end":{"line":26,"column":42}},"6":{"start":{"line":35,"column":8},"end":{"line":35,"column":36}},"7":{"start":{"line":36,"column":8},"end":{"line":36,"column":33}},"8":{"start":{"line":37,"column":8},"end":{"line":37,"column":34}},"9":{"start":{"line":44,"column":25},"end":{"line":44,"column":55}},"10":{"start":{"line":45,"column":24},"end":{"line":45,"column":43}},"11":{"start":{"line":46,"column":26},"end":{"line":46,"column":63}},"12":{"start":{"line":47,"column":8},"end":{"line":47,"column":33}},"13":{"start":{"line":55,"column":8},"end":{"line":68,"column":9}},"14":{"start":{"line":56,"column":12},"end":{"line":67,"column":13}},"15":{"start":{"line":57,"column":16},"end":{"line":66,"column":18}},"16":{"start":{"line":76,"column":8},"end":{"line":80,"column":9}},"17":{"start":{"line":77,"column":12},"end":{"line":79,"column":13}},"18":{"start":{"line":78,"column":16},"end":{"line":78,"column":103}}},"fnMap":{"0":{"name":"(anonymous_0)","decl":{"start":{"line":17,"column":4},"end":{"line":17,"column":5}},"loc":{"start":{"line":17,"column":49},"end":{"line":27,"column":5}},"line":17},"1":{"name":"(anonymous_1)","decl":{"start":{"line":34,"column":4},"end":{"line":34,"column":5}},"loc":{"start":{"line":34,"column":11},"end":{"line":38,"column":5}},"line":34},"2":{"name":"(anonymous_2)","decl":{"start":{"line":43,"column":4},"end":{"line":43,"column":5}},"loc":{"start":{"line":43,"column":27},"end":{"line":48,"column":5}},"line":43},"3":{"name":"(anonymous_3)","decl":{"start":{"line":54,"column":4},"end":{"line":54,"column":5}},"loc":{"start":{"line":54,"column":19},"end":{"line":69,"column":5}},"line":54},"4":{"name":"(anonymous_4)","decl":{"start":{"line":75,"column":4},"end":{"line":75,"column":5}},"loc":{"start":{"line":75,"column":20},"end":{"line":81,"column":5}},"line":75}},"branchMap":{"0":{"loc":{"start":{"line":17,"column":24},"end":{"line":17,"column":35}},"type":"default-arg","locations":[{"start":{"line":17,"column":33},"end":{"line":17,"column":35}}],"line":17},"1":{"loc":{"start":{"line":17,"column":37},"end":{"line":17,"column":47}},"type":"default-arg","locations":[{"start":{"line":17,"column":45},"end":{"line":17,"column":47}}],"line":17},"2":{"loc":{"start":{"line":19,"column":8},"end":{"line":21,"column":9}},"type":"if","locations":[{"start":{"line":19,"column":8},"end":{"line":21,"column":9}},{"start":{},"end":{}}],"line":19},"3":{"loc":{"start":{"line":55,"column":8},"end":{"line":68,"column":9}},"type":"if","locations":[{"start":{"line":55,"column":8},"end":{"line":68,"column":9}},{"start":{},"end":{}}],"line":55},"4":{"loc":{"start":{"line":76,"column":8},"end":{"line":80,"column":9}},"type":"if","locations":[{"start":{"line":76,"column":8},"end":{"line":80,"column":9}},{"start":{},"end":{}}],"line":76}},"s":{"0":4,"1":4,"2":4,"3":4,"4":4,"5":4,"6":0,"7":0,"8":0,"9":1,"10":1,"11":1,"12":1,"13":0,"14":0,"15":0,"16":0,"17":0,"18":0},"f":{"0":4,"1":0,"2":1,"3":0,"4":0},"b":{"0":[4],"1":[4],"2":[4,0],"3":[0,0],"4":[0,0]},"_coverageSchema":"1a1c01bbd47fc00a2c39e90264f33305004495a9","hash":"4f40c177df89cc4d2fd1fcd3a231d7ee5a1d9061"}
}
