TN:
SF:source/config.js
FN:11,(anonymous_0)
FNF:1
FNH:1
FNDA:11,(anonymous_0)
DA:22,11
DA:23,11
DA:24,11
DA:25,11
DA:26,11
DA:27,11
DA:28,11
DA:29,11
DA:30,11
DA:31,11
LF:10
LH:10
BRDA:11,0,0,5
BRDA:12,1,0,9
BRDA:13,2,0,9
BRDA:14,3,0,9
BRDA:15,4,0,10
BRDA:16,5,0,10
BRDA:17,6,0,11
BRDA:18,7,0,11
BRDA:19,8,0,11
BRDA:20,9,0,11
BRDA:23,10,0,10
BRDA:23,10,1,1
BRDA:24,11,0,10
BRDA:24,11,1,1
BRDA:25,12,0,10
BRDA:25,12,1,1
BRDA:26,13,0,10
BRDA:26,13,1,1
BRDA:27,14,0,10
BRDA:27,14,1,1
BRDA:28,15,0,11
BRDA:28,15,1,0
BRDA:29,16,0,11
BRDA:29,16,1,0
BRDA:30,17,0,11
BRDA:30,17,1,0
BRDA:31,18,0,11
BRDA:31,18,1,0
BRF:28
BRH:24
end_of_record
TN:
SF:source/constants.js
FNF:0
FNH:0
DA:1,4
LF:1
LH:1
BRF:0
BRH:0
end_of_record
TN:
SF:source/renderer.js
FN:8,createSVG
FN:30,drawLine
FN:56,drawPoint
FN:67,downloadSVG
FNF:4
FNH:2
FNDA:5,createSVG
FNDA:1,drawLine
FNDA:0,drawPoint
FNDA:0,downloadSVG
DA:9,5
DA:10,5
DA:11,5
DA:12,5
DA:13,5
DA:14,5
DA:15,5
DA:16,5
DA:36,1
DA:37,1
DA:38,1
DA:39,1
DA:40,1
DA:41,1
DA:42,1
DA:43,1
DA:44,1
DA:59,0
DA:68,0
DA:69,0
DA:70,0
DA:72,0
DA:73,0
DA:74,0
DA:75,0
DA:76,0
DA:78,0
DA:79,0
LF:28
LH:17
BRDA:32,0,0,0
BRDA:33,1,0,1
BRDA:34,2,0,1
BRDA:56,3,0,0
BRDA:57,4,0,0
BRDA:58,5,0,0
BRDA:74,6,0,0
BRDA:74,6,1,0
BRF:8
BRH:2
end_of_record
TN:
SF:source/sketch.js
FN:17,(anonymous_0)
FN:34,(anonymous_1)
FN:43,(anonymous_2)
FN:54,(anonymous_3)
FN:75,(anonymous_4)
FNF:5
FNH:2
FNDA:4,(anonymous_0)
FNDA:0,(anonymous_1)
FNDA:1,(anonymous_2)
FNDA:0,(anonymous_3)
FNDA:0,(anonymous_4)
DA:19,4
DA:20,4
DA:23,4
DA:24,4
DA:25,4
DA:26,4
DA:35,0
DA:36,0
DA:37,0
DA:44,1
DA:45,1
DA:46,1
DA:47,1
DA:55,0
DA:56,0
DA:57,0
DA:76,0
DA:77,0
DA:78,0
LF:19
LH:10
BRDA:17,0,0,4
BRDA:17,1,0,4
BRDA:19,2,0,4
BRDA:19,2,1,0
BRDA:55,3,0,0
BRDA:55,3,1,0
BRDA:76,4,0,0
BRDA:76,4,1,0
BRF:8
BRH:3
end_of_record
