TN:
SF:source/config.js
FN:11,(anonymous_0)
FNF:1
FNH:1
FNDA:10,(anonymous_0)
DA:18,10
DA:19,10
DA:20,10
DA:21,10
DA:22,10
DA:23,10
LF:6
LH:6
BRDA:11,0,0,4
BRDA:12,1,0,8
BRDA:13,2,0,8
BRDA:14,3,0,8
BRDA:15,4,0,9
BRDA:16,5,0,9
BRDA:19,6,0,9
BRDA:19,6,1,1
BRDA:20,7,0,9
BRDA:20,7,1,1
BRDA:21,8,0,9
BRDA:21,8,1,1
BRDA:22,9,0,9
BRDA:22,9,1,1
BRDA:23,10,0,9
BRDA:23,10,1,1
BRF:16
BRH:16
end_of_record
TN:
SF:source/constants.js
FNF:0
FNH:0
DA:1,3
LF:1
LH:1
BRF:0
BRH:0
end_of_record
TN:
SF:source/renderer.js
FN:8,createSVG
FN:30,drawLine
FN:54,drawPoint
FN:65,downloadSVG
FNF:4
FNH:1
FNDA:4,createSVG
FNDA:0,drawLine
FNDA:0,drawPoint
FNDA:0,downloadSVG
DA:9,4
DA:10,4
DA:11,4
DA:12,4
DA:13,4
DA:14,4
DA:15,4
DA:16,4
DA:34,0
DA:35,0
DA:36,0
DA:37,0
DA:38,0
DA:39,0
DA:40,0
DA:41,0
DA:42,0
DA:57,0
DA:66,0
DA:67,0
DA:68,0
DA:70,0
DA:71,0
DA:72,0
DA:73,0
DA:74,0
DA:76,0
DA:77,0
LF:28
LH:8
BRDA:31,0,0,0
BRDA:32,1,0,0
BRDA:33,2,0,0
BRDA:54,3,0,0
BRDA:55,4,0,0
BRDA:56,5,0,0
BRDA:72,6,0,0
BRDA:72,6,1,0
BRF:8
BRH:0
end_of_record
TN:
SF:source/sketch.js
FN:17,(anonymous_0)
FN:34,(anonymous_1)
FN:43,(anonymous_2)
FN:54,(anonymous_3)
FN:66,(anonymous_4)
FNF:5
FNH:2
FNDA:3,(anonymous_0)
FNDA:0,(anonymous_1)
FNDA:1,(anonymous_2)
FNDA:0,(anonymous_3)
FNDA:0,(anonymous_4)
DA:19,3
DA:20,3
DA:23,3
DA:24,3
DA:25,3
DA:26,3
DA:35,0
DA:36,0
DA:37,0
DA:44,1
DA:45,1
DA:46,1
DA:47,1
DA:55,0
DA:56,0
DA:57,0
DA:67,0
DA:68,0
DA:69,0
LF:19
LH:10
BRDA:17,0,0,3
BRDA:17,1,0,3
BRDA:19,2,0,3
BRDA:19,2,1,0
BRDA:55,3,0,0
BRDA:55,3,1,0
BRDA:67,4,0,0
BRDA:67,4,1,0
BRF:8
BRH:3
end_of_record
